<?xml version="1.0" encoding="UTF-8"?>
<testsuite name="com.ayratech.cgts.CgtsApplicationTests" tests="1" skipped="0" failures="0" errors="0" timestamp="2024-02-26T23:14:05" hostname="lokendra-3626" time="1.118">
  <properties/>
  <testcase name="contextLoads()" classname="com.ayratech.cgts.CgtsApplicationTests" time="1.118"/>
  <system-out><![CDATA[Standard Commons Logging discovery in action with spring-jcl: please remove commons-logging.jar from classpath in order to avoid potential conflicts
04:44:00.862 [Test worker] INFO org.springframework.test.context.support.AnnotationConfigContextLoaderUtils -- Could not detect default configuration classes for test class [com.ayratech.cgts.CgtsApplicationTests]: CgtsApplicationTests does not declare any static, non-private, non-final, nested classes annotated with @Configuration.
04:44:01.011 [Test worker] INFO org.springframework.boot.test.context.SpringBootTestContextBootstrapper -- Found @SpringBootConfiguration com.ayratech.cgts.CgtsApplication for test class com.ayratech.cgts.CgtsApplicationTests

  .   ____          _            __ _ _
 /\\ / ___'_ __ _ _(_)_ __  __ _ \ \ \ \
( ( )\___ | '_ | '_| | '_ \/ _` | \ \ \ \
 \\/  ___)| |_)| | | | | || (_| |  ) ) ) )
  '  |____| .__|_| |_|_| |_\__, | / / / /
 =========|_|==============|___/=/_/_/_/
 :: Spring Boot ::                (v3.2.3)

2024-02-27T04:44:01.582+05:30  INFO 14514 --- [    Test worker] com.ayratech.cgts.CgtsApplicationTests   : Starting CgtsApplicationTests using Java 17.0.9 with PID 14514 (started by lokendra in /home/lokendra/Desktop/firebase-auth-app-backend)
2024-02-27T04:44:01.585+05:30  INFO 14514 --- [    Test worker] com.ayratech.cgts.CgtsApplicationTests   : No active profile set, falling back to 1 default profile: "default"
2024-02-27T04:44:02.424+05:30  INFO 14514 --- [    Test worker] .s.d.r.c.RepositoryConfigurationDelegate : Bootstrapping Spring Data Reactive MongoDB repositories in DEFAULT mode.
2024-02-27T04:44:02.548+05:30  INFO 14514 --- [    Test worker] .s.d.r.c.RepositoryConfigurationDelegate : Finished Spring Data repository scanning in 117 ms. Found 0 Reactive MongoDB repository interfaces.
2024-02-27T04:44:02.556+05:30  INFO 14514 --- [    Test worker] .s.d.r.c.RepositoryConfigurationDelegate : Bootstrapping Spring Data MongoDB repositories in DEFAULT mode.
2024-02-27T04:44:02.576+05:30  INFO 14514 --- [    Test worker] .s.d.r.c.RepositoryConfigurationDelegate : Finished Spring Data repository scanning in 19 ms. Found 1 MongoDB repository interface.
2024-02-27T04:44:03.211+05:30  INFO 14514 --- [zze.mongodb.net] org.mongodb.driver.cluster               : Adding discovered server ac-mthgnpm-shard-00-00.jmcazze.mongodb.net:27017 to client view of cluster
2024-02-27T04:44:03.223+05:30  INFO 14514 --- [    Test worker] org.mongodb.driver.client                : MongoClient with metadata {"application": {"name": "CamGeoTaggingSystem"}, "driver": {"name": "mongo-java-driver|sync", "version": "4.11.1"}, "os": {"type": "Linux", "name": "Linux", "architecture": "amd64", "version": "6.5.0-21-generic"}, "platform": "Java/Private Build/17.0.9+9-Ubuntu-123.10"} created with settings MongoClientSettings{readPreference=primary, writeConcern=WriteConcern{w=majority, wTimeout=null ms, journal=null}, retryWrites=true, retryReads=true, readConcern=ReadConcern{level=null}, credential=MongoCredential{mechanism=null, userName='ayra', source='admin', password=<hidden>, mechanismProperties=<hidden>}, transportSettings=null, streamFactoryFactory=null, commandListeners=[], codecRegistry=ProvidersCodecRegistry{codecProviders=[ValueCodecProvider{}, BsonValueCodecProvider{}, DBRefCodecProvider{}, DBObjectCodecProvider{}, DocumentCodecProvider{}, CollectionCodecProvider{}, IterableCodecProvider{}, MapCodecProvider{}, GeoJsonCodecProvider{}, GridFSFileCodecProvider{}, Jsr310CodecProvider{}, JsonObjectCodecProvider{}, BsonCodecProvider{}, EnumCodecProvider{}, com.mongodb.client.model.mql.ExpressionCodecProvider@7a65c995, com.mongodb.Jep395RecordCodecProvider@7c950b3b, com.mongodb.KotlinCodecProvider@3af10d0b]}, loggerSettings=LoggerSettings{maxDocumentLength=1000}, clusterSettings={hosts=[127.0.0.1:27017], srvHost=camgeotaggingsystem.jmcazze.mongodb.net, srvServiceName=mongodb, mode=MULTIPLE, requiredClusterType=REPLICA_SET, requiredReplicaSetName='atlas-v8nezm-shard-0', serverSelector='null', clusterListeners='[]', serverSelectionTimeout='30000 ms', localThreshold='15 ms'}, socketSettings=SocketSettings{connectTimeoutMS=10000, readTimeoutMS=0, receiveBufferSize=0, proxySettings=ProxySettings{host=null, port=null, username=null, password=null}}, heartbeatSocketSettings=SocketSettings{connectTimeoutMS=10000, readTimeoutMS=10000, receiveBufferSize=0, proxySettings=ProxySettings{host=null, port=null, username=null, password=null}}, connectionPoolSettings=ConnectionPoolSettings{maxSize=100, minSize=0, maxWaitTimeMS=120000, maxConnectionLifeTimeMS=0, maxConnectionIdleTimeMS=0, maintenanceInitialDelayMS=0, maintenanceFrequencyMS=60000, connectionPoolListeners=[], maxConnecting=2}, serverSettings=ServerSettings{heartbeatFrequencyMS=10000, minHeartbeatFrequencyMS=500, serverListeners='[]', serverMonitorListeners='[]'}, sslSettings=SslSettings{enabled=true, invalidHostNameAllowed=false, context=null}, applicationName='CamGeoTaggingSystem', compressorList=[], uuidRepresentation=UNSPECIFIED, serverApi=null, autoEncryptionSettings=null, dnsClient=null, inetAddressResolver=null, contextProvider=null}
2024-02-27T04:44:03.242+05:30  INFO 14514 --- [zze.mongodb.net] org.mongodb.driver.cluster               : Adding discovered server ac-mthgnpm-shard-00-01.jmcazze.mongodb.net:27017 to client view of cluster
2024-02-27T04:44:03.246+05:30  INFO 14514 --- [zze.mongodb.net] org.mongodb.driver.cluster               : Adding discovered server ac-mthgnpm-shard-00-02.jmcazze.mongodb.net:27017 to client view of cluster
2024-02-27T04:44:04.362+05:30  INFO 14514 --- [ngodb.net:27017] org.mongodb.driver.cluster               : Monitor thread successfully connected to server with description ServerDescription{address=ac-mthgnpm-shard-00-02.jmcazze.mongodb.net:27017, type=REPLICA_SET_SECONDARY, state=CONNECTED, ok=true, minWireVersion=0, maxWireVersion=17, maxDocumentSize=16777216, logicalSessionTimeoutMinutes=30, roundTripTimeNanos=391270389, setName='atlas-v8nezm-shard-0', canonicalAddress=ac-mthgnpm-shard-00-02.jmcazze.mongodb.net:27017, hosts=[ac-mthgnpm-shard-00-01.jmcazze.mongodb.net:27017, ac-mthgnpm-shard-00-02.jmcazze.mongodb.net:27017, ac-mthgnpm-shard-00-00.jmcazze.mongodb.net:27017], passives=[], arbiters=[], primary='ac-mthgnpm-shard-00-01.jmcazze.mongodb.net:27017', tagSet=TagSet{[Tag{name='availabilityZone', value='aps1-az2'}, Tag{name='diskState', value='READY'}, Tag{name='nodeType', value='ELECTABLE'}, Tag{name='provider', value='AWS'}, Tag{name='region', value='AP_SOUTH_1'}, Tag{name='workloadType', value='OPERATIONAL'}]}, electionId=null, setVersion=6, topologyVersion=TopologyVersion{processId=65d07c85b18bb2cfcc6fc3eb, counter=3}, lastWriteDate=Tue Feb 27 04:44:04 IST 2024, lastUpdateTimeNanos=8797471259796}
2024-02-27T04:44:04.368+05:30  INFO 14514 --- [ngodb.net:27017] org.mongodb.driver.cluster               : Monitor thread successfully connected to server with description ServerDescription{address=ac-mthgnpm-shard-00-01.jmcazze.mongodb.net:27017, type=REPLICA_SET_PRIMARY, state=CONNECTED, ok=true, minWireVersion=0, maxWireVersion=17, maxDocumentSize=16777216, logicalSessionTimeoutMinutes=30, roundTripTimeNanos=398799075, setName='atlas-v8nezm-shard-0', canonicalAddress=ac-mthgnpm-shard-00-01.jmcazze.mongodb.net:27017, hosts=[ac-mthgnpm-shard-00-01.jmcazze.mongodb.net:27017, ac-mthgnpm-shard-00-02.jmcazze.mongodb.net:27017, ac-mthgnpm-shard-00-00.jmcazze.mongodb.net:27017], passives=[], arbiters=[], primary='ac-mthgnpm-shard-00-01.jmcazze.mongodb.net:27017', tagSet=TagSet{[Tag{name='availabilityZone', value='aps1-az3'}, Tag{name='diskState', value='READY'}, Tag{name='nodeType', value='ELECTABLE'}, Tag{name='provider', value='AWS'}, Tag{name='region', value='AP_SOUTH_1'}, Tag{name='workloadType', value='OPERATIONAL'}]}, electionId=7fffffff0000000000000156, setVersion=6, topologyVersion=TopologyVersion{processId=65d07b11aac19be6a792ec2a, counter=6}, lastWriteDate=Tue Feb 27 04:44:04 IST 2024, lastUpdateTimeNanos=8797477935175}
2024-02-27T04:44:04.370+05:30  INFO 14514 --- [ngodb.net:27017] org.mongodb.driver.cluster               : Discovered replica set primary ac-mthgnpm-shard-00-01.jmcazze.mongodb.net:27017 with max election id 7fffffff0000000000000156 and max set version 6
2024-02-27T04:44:04.370+05:30  INFO 14514 --- [ngodb.net:27017] org.mongodb.driver.cluster               : Monitor thread successfully connected to server with description ServerDescription{address=ac-mthgnpm-shard-00-00.jmcazze.mongodb.net:27017, type=REPLICA_SET_SECONDARY, state=CONNECTED, ok=true, minWireVersion=0, maxWireVersion=17, maxDocumentSize=16777216, logicalSessionTimeoutMinutes=30, roundTripTimeNanos=387806584, setName='atlas-v8nezm-shard-0', canonicalAddress=ac-mthgnpm-shard-00-00.jmcazze.mongodb.net:27017, hosts=[ac-mthgnpm-shard-00-01.jmcazze.mongodb.net:27017, ac-mthgnpm-shard-00-02.jmcazze.mongodb.net:27017, ac-mthgnpm-shard-00-00.jmcazze.mongodb.net:27017], passives=[], arbiters=[], primary='ac-mthgnpm-shard-00-01.jmcazze.mongodb.net:27017', tagSet=TagSet{[Tag{name='availabilityZone', value='aps1-az1'}, Tag{name='diskState', value='READY'}, Tag{name='nodeType', value='ELECTABLE'}, Tag{name='provider', value='AWS'}, Tag{name='region', value='AP_SOUTH_1'}, Tag{name='workloadType', value='OPERATIONAL'}]}, electionId=null, setVersion=6, topologyVersion=TopologyVersion{processId=65d079d84369e92c427dfdc0, counter=4}, lastWriteDate=Tue Feb 27 04:44:04 IST 2024, lastUpdateTimeNanos=8797479633401}
2024-02-27T04:44:04.587+05:30  INFO 14514 --- [    Test worker] efaultSchemaResourceGraphQlSourceBuilder : Loaded 1 resource(s) in the GraphQL schema.
2024-02-27T04:44:04.803+05:30  INFO 14514 --- [    Test worker] o.s.b.a.g.GraphQlAutoConfiguration       : GraphQL schema inspection:
	Unmapped fields: {}
	Unmapped registrations: {}
	Skipped types: []
2024-02-27T04:44:04.820+05:30  INFO 14514 --- [    Test worker] s.b.a.g.s.GraphQlWebMvcAutoConfiguration : GraphQL endpoint HTTP POST /graphql
2024-02-27T04:44:05.044+05:30  INFO 14514 --- [zze.mongodb.net] org.mongodb.driver.cluster               : Adding discovered server ac-mthgnpm-shard-00-00.jmcazze.mongodb.net:27017 to client view of cluster
2024-02-27T04:44:05.048+05:30  INFO 14514 --- [zze.mongodb.net] org.mongodb.driver.cluster               : Adding discovered server ac-mthgnpm-shard-00-01.jmcazze.mongodb.net:27017 to client view of cluster
2024-02-27T04:44:05.051+05:30  INFO 14514 --- [zze.mongodb.net] org.mongodb.driver.cluster               : Adding discovered server ac-mthgnpm-shard-00-02.jmcazze.mongodb.net:27017 to client view of cluster
2024-02-27T04:44:05.054+05:30  INFO 14514 --- [    Test worker] org.mongodb.driver.client                : MongoClient with metadata {"application": {"name": "CamGeoTaggingSystem"}, "driver": {"name": "mongo-java-driver|reactive-streams|spring-boot", "version": "4.11.1"}, "os": {"type": "Linux", "name": "Linux", "architecture": "amd64", "version": "6.5.0-21-generic"}, "platform": "Java/Private Build/17.0.9+9-Ubuntu-123.10"} created with settings MongoClientSettings{readPreference=primary, writeConcern=WriteConcern{w=majority, wTimeout=null ms, journal=null}, retryWrites=true, retryReads=true, readConcern=ReadConcern{level=null}, credential=MongoCredential{mechanism=null, userName='ayra', source='admin', password=<hidden>, mechanismProperties=<hidden>}, transportSettings=NettyTransportSettings{eventLoopGroup=io.netty.channel.nio.NioEventLoopGroup@2aeb7c4c, socketChannelClass=null, allocator=null, sslContext=null}, streamFactoryFactory=null, commandListeners=[], codecRegistry=ProvidersCodecRegistry{codecProviders=[ValueCodecProvider{}, BsonValueCodecProvider{}, DBRefCodecProvider{}, DBObjectCodecProvider{}, DocumentCodecProvider{}, CollectionCodecProvider{}, IterableCodecProvider{}, MapCodecProvider{}, GeoJsonCodecProvider{}, GridFSFileCodecProvider{}, Jsr310CodecProvider{}, JsonObjectCodecProvider{}, BsonCodecProvider{}, EnumCodecProvider{}, com.mongodb.client.model.mql.ExpressionCodecProvider@7a65c995, com.mongodb.Jep395RecordCodecProvider@7c950b3b, com.mongodb.KotlinCodecProvider@3af10d0b]}, loggerSettings=LoggerSettings{maxDocumentLength=1000}, clusterSettings={hosts=[127.0.0.1:27017], srvHost=camgeotaggingsystem.jmcazze.mongodb.net, srvServiceName=mongodb, mode=MULTIPLE, requiredClusterType=REPLICA_SET, requiredReplicaSetName='atlas-v8nezm-shard-0', serverSelector='null', clusterListeners='[]', serverSelectionTimeout='30000 ms', localThreshold='15 ms'}, socketSettings=SocketSettings{connectTimeoutMS=10000, readTimeoutMS=0, receiveBufferSize=0, proxySettings=ProxySettings{host=null, port=null, username=null, password=null}}, heartbeatSocketSettings=SocketSettings{connectTimeoutMS=10000, readTimeoutMS=10000, receiveBufferSize=0, proxySettings=ProxySettings{host=null, port=null, username=null, password=null}}, connectionPoolSettings=ConnectionPoolSettings{maxSize=100, minSize=0, maxWaitTimeMS=120000, maxConnectionLifeTimeMS=0, maxConnectionIdleTimeMS=0, maintenanceInitialDelayMS=0, maintenanceFrequencyMS=60000, connectionPoolListeners=[], maxConnecting=2}, serverSettings=ServerSettings{heartbeatFrequencyMS=10000, minHeartbeatFrequencyMS=500, serverListeners='[]', serverMonitorListeners='[]'}, sslSettings=SslSettings{enabled=true, invalidHostNameAllowed=false, context=null}, applicationName='CamGeoTaggingSystem', compressorList=[], uuidRepresentation=JAVA_LEGACY, serverApi=null, autoEncryptionSettings=null, dnsClient=null, inetAddressResolver=null, contextProvider=null}
2024-02-27T04:44:05.293+05:30  INFO 14514 --- [    Test worker] com.ayratech.cgts.CgtsApplicationTests   : Started CgtsApplicationTests in 4.067 seconds (process running for 5.598)
2024-02-27T04:44:05.377+05:30  INFO 14514 --- [ngodb.net:27017] org.mongodb.driver.cluster               : Monitor thread successfully connected to server with description ServerDescription{address=ac-mthgnpm-shard-00-02.jmcazze.mongodb.net:27017, type=REPLICA_SET_SECONDARY, state=CONNECTED, ok=true, minWireVersion=0, maxWireVersion=17, maxDocumentSize=16777216, logicalSessionTimeoutMinutes=30, roundTripTimeNanos=198551982, setName='atlas-v8nezm-shard-0', canonicalAddress=ac-mthgnpm-shard-00-02.jmcazze.mongodb.net:27017, hosts=[ac-mthgnpm-shard-00-01.jmcazze.mongodb.net:27017, ac-mthgnpm-shard-00-02.jmcazze.mongodb.net:27017, ac-mthgnpm-shard-00-00.jmcazze.mongodb.net:27017], passives=[], arbiters=[], primary='ac-mthgnpm-shard-00-01.jmcazze.mongodb.net:27017', tagSet=TagSet{[Tag{name='availabilityZone', value='aps1-az2'}, Tag{name='diskState', value='READY'}, Tag{name='nodeType', value='ELECTABLE'}, Tag{name='provider', value='AWS'}, Tag{name='region', value='AP_SOUTH_1'}, Tag{name='workloadType', value='OPERATIONAL'}]}, electionId=null, setVersion=6, topologyVersion=TopologyVersion{processId=65d07c85b18bb2cfcc6fc3eb, counter=3}, lastWriteDate=Tue Feb 27 04:44:05 IST 2024, lastUpdateTimeNanos=8798486645971}
2024-02-27T04:44:05.379+05:30  INFO 14514 --- [ngodb.net:27017] org.mongodb.driver.cluster               : Monitor thread successfully connected to server with description ServerDescription{address=ac-mthgnpm-shard-00-00.jmcazze.mongodb.net:27017, type=REPLICA_SET_SECONDARY, state=CONNECTED, ok=true, minWireVersion=0, maxWireVersion=17, maxDocumentSize=16777216, logicalSessionTimeoutMinutes=30, roundTripTimeNanos=195672599, setName='atlas-v8nezm-shard-0', canonicalAddress=ac-mthgnpm-shard-00-00.jmcazze.mongodb.net:27017, hosts=[ac-mthgnpm-shard-00-01.jmcazze.mongodb.net:27017, ac-mthgnpm-shard-00-02.jmcazze.mongodb.net:27017, ac-mthgnpm-shard-00-00.jmcazze.mongodb.net:27017], passives=[], arbiters=[], primary='ac-mthgnpm-shard-00-01.jmcazze.mongodb.net:27017', tagSet=TagSet{[Tag{name='availabilityZone', value='aps1-az1'}, Tag{name='diskState', value='READY'}, Tag{name='nodeType', value='ELECTABLE'}, Tag{name='provider', value='AWS'}, Tag{name='region', value='AP_SOUTH_1'}, Tag{name='workloadType', value='OPERATIONAL'}]}, electionId=null, setVersion=6, topologyVersion=TopologyVersion{processId=65d079d84369e92c427dfdc0, counter=4}, lastWriteDate=Tue Feb 27 04:44:05 IST 2024, lastUpdateTimeNanos=8798488444573}
2024-02-27T04:44:05.384+05:30  INFO 14514 --- [ngodb.net:27017] org.mongodb.driver.cluster               : Monitor thread successfully connected to server with description ServerDescription{address=ac-mthgnpm-shard-00-01.jmcazze.mongodb.net:27017, type=REPLICA_SET_PRIMARY, state=CONNECTED, ok=true, minWireVersion=0, maxWireVersion=17, maxDocumentSize=16777216, logicalSessionTimeoutMinutes=30, roundTripTimeNanos=205294743, setName='atlas-v8nezm-shard-0', canonicalAddress=ac-mthgnpm-shard-00-01.jmcazze.mongodb.net:27017, hosts=[ac-mthgnpm-shard-00-01.jmcazze.mongodb.net:27017, ac-mthgnpm-shard-00-02.jmcazze.mongodb.net:27017, ac-mthgnpm-shard-00-00.jmcazze.mongodb.net:27017], passives=[], arbiters=[], primary='ac-mthgnpm-shard-00-01.jmcazze.mongodb.net:27017', tagSet=TagSet{[Tag{name='availabilityZone', value='aps1-az3'}, Tag{name='diskState', value='READY'}, Tag{name='nodeType', value='ELECTABLE'}, Tag{name='provider', value='AWS'}, Tag{name='region', value='AP_SOUTH_1'}, Tag{name='workloadType', value='OPERATIONAL'}]}, electionId=7fffffff0000000000000156, setVersion=6, topologyVersion=TopologyVersion{processId=65d07b11aac19be6a792ec2a, counter=6}, lastWriteDate=Tue Feb 27 04:44:05 IST 2024, lastUpdateTimeNanos=8798493024987}
2024-02-27T04:44:05.385+05:30  INFO 14514 --- [ngodb.net:27017] org.mongodb.driver.cluster               : Discovered replica set primary ac-mthgnpm-shard-00-01.jmcazze.mongodb.net:27017 with max election id 7fffffff0000000000000156 and max set version 6
]]></system-out>
  <system-err><![CDATA[]]></system-err>
</testsuite>
